<?xml version="1.0" encoding="UTF-8"?>
<!-- Generated by org.testng.reporters.JUnitReportReporter -->
<testsuite hostname="DESKTOP-1A6OU6I" failures="0" tests="1" name="testScripts.AddCategoryTest" time="23.114" errors="0" timestamp="2024-02-01T16:25:35 IST" skipped="0">
  <testcase classname="testScripts.AddCategoryTest" name="addCategoryTest" time="23.114"/>
  <system-out/>
</testsuite> <!-- testScripts.AddCategoryTest -->
